<?xml version="1.0" encoding="UTF-8"?>
  <testsuite name="BddJx Suite" tests="4" failures="1" errors="0" time="710.875">
      <testcase name="quickstart node-http&#xA; Given valid parameters when operating on the quickstart creates a node-http quickstart and promotes it to staging&#xA;" classname="BddJx Suite" time="629.139520253">
          <failure type="Failure">/Users/cosmin/go/src/github.com/jenkins-x/bdd-jx/main.go:325&#xA;Timed out after 600.001s.&#xA;Expected process to exit.  It did not.&#xA;/Users/cosmin/go/src/github.com/jenkins-x/bdd-jx/main.go:250</failure>
          <system-out>      Creating app �[32mbdd-node-http-1548071725�[0m in dir �[32m/var/folders/ls/9g65rk6n5y36wtt3vzdzss_h0000gn/T/bdd-699753616�[0m&#xA;      Using Git provider URL https://github.beescloud.com&#xA;Generated quickstart at /private/var/folders/ls/9g65rk6n5y36wtt3vzdzss_h0000gn/T/bdd-699753616/bdd-node-http-1548071725&#xA;### NO charts folder /private/var/folders/ls/9g65rk6n5y36wtt3vzdzss_h0000gn/T/bdd-699753616/bdd-node-http-1548071725/charts/node-http&#xA;Created project at /private/var/folders/ls/9g65rk6n5y36wtt3vzdzss_h0000gn/T/bdd-699753616/bdd-node-http-1548071725&#xA;&#xA;&#xA;Git repository created&#xA;performing pack detection in folder /private/var/folders/ls/9g65rk6n5y36wtt3vzdzss_h0000gn/T/bdd-699753616/bdd-node-http-1548071725&#xA;--&gt; Draft detected JavaScript (36.530078%)&#xA;selected pack: /Users/cosmin/.jx/draft/packs/github.com/jenkins-x-buildpacks/jenkins-x-kubernetes/packs/javascript&#xA;replacing placeholders in directory /private/var/folders/ls/9g65rk6n5y36wtt3vzdzss_h0000gn/T/bdd-699753616/bdd-node-http-1548071725&#xA;app name: bdd-node-http-1548071725, git server: github.beescloud.com, org: jenkins-x-tests, Docker registry org: jenkins-x-tests&#xA;skipping directory &#34;/private/var/folders/ls/9g65rk6n5y36wtt3vzdzss_h0000gn/T/bdd-699753616/bdd-node-http-1548071725/.git&#34;&#xA;Using Git provider GHE at https://github.beescloud.com&#xA;&#xA;&#xA;About to create repository bdd-node-http-1548071725 on server https://github.beescloud.com with user jxadmin18&#xA;&#xA;&#xA;Creating repository jenkins-x-tests/bdd-node-http-1548071725&#xA;Pushed Git repository to https://github.beescloud.com/jenkins-x-tests/bdd-node-http-1548071725&#xA;&#xA;Created Jenkins Project: https://jenkins.jx.jx.cosmin.rawlings.it/job/jenkins-x-tests/job/bdd-node-http-1548071725/&#xA;&#xA;Watch pipeline activity via:    jx get activity -f bdd-node-http-1548071725 -w&#xA;Browse the pipeline log via:    jx get build logs jenkins-x-tests/bdd-node-http-1548071725/master&#xA;Open the Jenkins console via    jx console&#xA;You can list the pipelines via: jx get pipelines&#xA;When the pipeline is complete:  jx get applications&#xA;&#xA;For more help on available commands see: https://jenkins-x.io/developing/browsing/&#xA;&#xA;Note that your first pipeline may take a few minutes to start while the necessary images get downloaded!&#xA;&#xA;Creating GitHub webhook for jenkins-x-tests/bdd-node-http-1548071725 for url https://jenkins.jx.jx.cosmin.rawlings.it/github-webhook/&#xA;�[1mSTEP�[0m: wait for first release&#xA;      Checking that there is a job built successfully for jenkins-x-tests/bdd-node-http-1548071725/master&#xA;view the log at: https://jenkins.jx.jx.cosmin.rawlings.it/job/jenkins-x-tests/job/bdd-node-http-1548071725/job/master/1/console&#xA;tailing the log of jenkins-x-tests/bdd-node-http-1548071725/master #1&#xA;Branch indexing&#xD;&#xA;Connecting to https://github.beescloud.com/api/v3 using jxadmin18/****** (API Token for acccessing https://github.beescloud.com Git service inside pipelines)&#xD;&#xA;Obtained Jenkinsfile from 5fd99cd0afe8314d527567b11e4cd042ab9c62c1&#xD;&#xA;Running in Durability level: MAX_SURVIVABILITY&#xD;&#xA;[Pipeline] node&#xD;&#xA;Still waiting to schedule task&#xD;&#xA;‘nodejs-h7m6n’ is offline&#xD;&#xA;Agent nodejs-h7m6n is provisioned from template Kubernetes Pod Template&#xD;&#xA;Agent specification [Kubernetes Pod Template] (jenkins-nodejs): &#xD;&#xA;* [jnlp] jenkinsci/jnlp-slave:3.26-1-alpine(resourceRequestCpu: 100m, resourceRequestMemory: 128Mi)&#xD;&#xA;* [nodejs] jenkinsxio/builder-nodejs:0.1.185(resourceRequestCpu: 400m, resourceRequestMemory: 512Mi, resourceLimitCpu: 2, resourceLimitMemory: 2048Mi)&#xD;&#xA;&#xD;&#xA;Running on nodejs-h7m6n in /home/jenkins/workspace/_bdd-node-http-1548071725_master&#xD;&#xA;[Pipeline] {&#xD;&#xA;[Pipeline] stage&#xD;&#xA;[Pipeline] { (Declarative: Checkout SCM)&#xD;&#xA;[Pipeline] checkout&#xD;&#xA;Cloning the remote Git repository&#xD;&#xA;Cloning with configured refspecs honoured and without tags&#xD;&#xA;Cloning repository https://github.beescloud.com/jenkins-x-tests/bdd-node-http-1548071725.git&#xD;&#xA; &gt; git init /home/jenkins/workspace/_bdd-node-http-1548071725_master # timeout=10&#xD;&#xA;Fetching upstream changes from https://github.beescloud.com/jenkins-x-tests/bdd-node-http-1548071725.git&#xD;&#xA; &gt; git --version # timeout=10&#xD;&#xA;using GIT_ASKPASS to set credentials API Token for acccessing https://github.beescloud.com Git service inside pipelines&#xD;&#xA; &gt; git fetch --no-tags --progress https://github.beescloud.com/jenkins-x-tests/bdd-node-http-1548071725.git +refs/heads/master:refs/remotes/origin/master&#xD;&#xA;Fetching without tags&#xD;&#xA;Checking out Revision 5fd99cd0afe8314d527567b11e4cd042ab9c62c1 (master)&#xD;&#xA; &gt; git config remote.origin.url https://github.beescloud.com/jenkins-x-tests/bdd-node-http-1548071725.git # timeout=10&#xD;&#xA; &gt; git config --add remote.origin.fetch +refs/heads/master:refs/remotes/origin/master # timeout=10&#xD;&#xA; &gt; git config remote.origin.url https://github.beescloud.com/jenkins-x-tests/bdd-node-http-1548071725.git # timeout=10&#xD;&#xA;Fetching upstream changes from https://github.beescloud.com/jenkins-x-tests/bdd-node-http-1548071725.git&#xD;&#xA;using GIT_ASKPASS to set credentials API Token for acccessing https://github.beescloud.com Git service inside pipelines&#xD;&#xA; &gt; git fetch --no-tags --progress https://github.beescloud.com/jenkins-x-tests/bdd-node-http-1548071725.git +refs/heads/master:refs/remotes/origin/master&#xD;&#xA; &gt; git config core.sparsecheckout # timeout=10&#xD;&#xA; &gt; git checkout -f 5fd99cd0afe8314d527567b11e4cd042ab9c62c1&#xD;&#xA;Commit message: &#34;Draft create&#34;&#xD;&#xA;First time build. Skipping changelog.&#xD;&#xA;[Pipeline] }&#xD;&#xA;[Pipeline] // stage&#xD;&#xA;[Pipeline] withEnv&#xD;&#xA;[Pipeline] {&#xD;&#xA;[Pipeline] withCredentials&#xD;&#xA;[Pipeline] {&#xD;&#xA;[Pipeline] withEnv&#xD;&#xA;[Pipeline] {&#xD;&#xA;[Pipeline] stage&#xD;&#xA;[Pipeline] { (CI Build and push snapshot)&#xD;&#xA;Stage &#34;CI Build and push snapshot&#34; skipped due to when conditional&#xD;&#xA;[Pipeline] }&#xD;&#xA;[Pipeline] // stage&#xD;&#xA;[Pipeline] stage&#xD;&#xA;[Pipeline] { (Build Release)&#xD;&#xA;[Pipeline] container&#xD;&#xA;[Pipeline] {&#xD;&#xA;[Pipeline] sh&#xD;&#xA;+ git checkout master&#xD;&#xA;Switched to a new branch &#39;master&#39;&#xD;&#xA;Branch master set up to track remote branch master from origin.&#xD;&#xA;[Pipeline] sh&#xD;&#xA;+ git config --global credential.helper store&#xD;&#xA;[Pipeline] sh&#xD;&#xA;+ jx step git credentials&#xD;&#xA;Generated Git credentials file /home/jenkins/git/credentials&#xD;&#xA;[Pipeline] sh&#xD;&#xA;++ jx-release-version&#xD;&#xA;+ echo 0.0.1&#xD;&#xA;[Pipeline] sh&#xD;&#xA;++ cat VERSION&#xD;&#xA;+ jx step tag --version 0.0.1&#xD;&#xA;Tag v0.0.1 created and pushed to remote origin&#xD;&#xA;[Pipeline] sh&#xD;&#xA;+ npm install&#xD;&#xA;npm notice created a lockfile as package-lock.json. You should commit this file.&#xD;&#xA;npm WARN REPLACE_ME@1.0.0 No repository field.&#xD;&#xA;npm WARN REPLACE_ME@1.0.0 No license field.&#xD;&#xA;&#xD;&#xA;up to date in 0.08s&#xD;&#xA;[Pipeline] sh&#xD;&#xA;+ CI=true&#xD;&#xA;+ DISPLAY=:99&#xD;&#xA;+ npm test&#xD;&#xA;&#xD;&#xA;&gt; REPLACE_ME@1.0.0 test /home/jenkins/workspace/_bdd-node-http-1548071725_master&#xD;&#xA;&gt; echo &#34;no test specified&#34; &amp;&amp; exit 0&#xD;&#xA;&#xD;&#xA;no test specified&#xD;&#xA;[Pipeline] sh&#xD;&#xA;++ cat VERSION&#xD;&#xA;+ export VERSION=0.0.1&#xD;&#xA;+ VERSION=0.0.1&#xD;&#xA;+ skaffold build -f skaffold.yaml&#xD;&#xA;Starting build...&#xD;&#xA;Building [changeme]...&#xD;&#xA;Sending build context to Docker daemon  109.1kB&#xD;&#xD;&#xA;Step 1/6 : FROM node:9-slim&#xD;&#xA;9-slim: Pulling from library/node&#xD;&#xA;5bba3ecb4cd6: Pulling fs layer&#xD;&#xA;196b8e3c919d: Pulling fs layer&#xD;&#xA;7d083412657b: Pulling fs layer&#xD;&#xA;a88538b9cd05: Pulling fs layer&#xD;&#xA;e01bd28a434b: Pulling fs layer&#xD;&#xA;a88538b9cd05: Waiting&#xD;&#xA;e01bd28a434b: Waiting&#xD;&#xA;196b8e3c919d: Verifying Checksum&#xD;&#xA;196b8e3c919d: Download complete&#xD;&#xA;7d083412657b: Verifying Checksum&#xD;&#xA;7d083412657b: Download complete&#xD;&#xA;5bba3ecb4cd6: Verifying Checksum&#xD;&#xA;5bba3ecb4cd6: Download complete&#xD;&#xA;e01bd28a434b: Verifying Checksum&#xD;&#xA;e01bd28a434b: Download complete&#xD;&#xA;a88538b9cd05: Verifying Checksum&#xD;&#xA;a88538b9cd05: Download complete&#xD;&#xA;5bba3ecb4cd6: Pull complete&#xD;&#xA;196b8e3c919d: Pull complete&#xD;&#xA;7d083412657b: Pull complete&#xD;&#xA;a88538b9cd05: Pull complete&#xD;&#xA;e01bd28a434b: Pull complete&#xD;&#xA;Digest: sha256:288b29c1925d65b2d7d8701f8ada201e7dcd066438c0fb4299c35dff129b893f&#xD;&#xA;Status: Downloaded newer image for node:9-slim&#xD;&#xA; ---&gt; e20bb4abe4ee&#xD;&#xA;Step 2/6 : ENV PORT 8080&#xD;&#xA; ---&gt; Running in 361b3df972da&#xD;&#xA; ---&gt; 6e8e88ba31f5&#xD;&#xA;Step 3/6 : EXPOSE 8080&#xD;&#xA; ---&gt; Running in 3c5fb3ad4555&#xD;&#xA; ---&gt; 8b7ca889ebcf&#xD;&#xA;Step 4/6 : WORKDIR /usr/src/app&#xD;&#xA; ---&gt; 8c3065d8ec46&#xD;&#xA;Step 5/6 : COPY . .&#xD;&#xA; ---&gt; 5fe5767673b4&#xD;&#xA;Step 6/6 : CMD npm start&#xD;&#xA; ---&gt; Running in 19d9c0337580&#xD;&#xA; ---&gt; 5607c8b5b19f&#xD;&#xA;Successfully built 5607c8b5b19f&#xD;&#xA;The push refers to a repository [10.15.248.161:5000/jenkins-x-tests/bdd-node-http-1548071725]&#xD;&#xA;bf2297e391c4: Preparing&#xD;&#xA;1c80891f1fdb: Preparing&#xD;&#xA;e16c226cf2a8: Preparing&#xD;&#xA;7fd597d009e4: Preparing&#xD;&#xA;7c6ab5fb7059: Preparing&#xD;&#xA;ed271eac23e9: Preparing&#xD;&#xA;156ff16f37e4: Preparing&#xD;&#xA;ed271eac23e9: Waiting&#xD;&#xA;156ff16f37e4: Waiting&#xD;&#xA;1c80891f1fdb: Pushed&#xD;&#xA;7c6ab5fb7059: Pushed&#xD;&#xA;bf2297e391c4: Pushed&#xD;&#xA;ed271eac23e9: Pushed&#xD;&#xA;e16c226cf2a8: Pushed&#xD;&#xA;156ff16f37e4: Pushed&#xD;&#xA;7fd597d009e4: Pushed&#xD;&#xA;0.0.1: digest: sha256:cee7a3fe780dbf261025f1d3d93511a07b7d10aa12636b7a929cf293d59ec232 size: 1786&#xD;&#xA;Build complete in 22.976002891s&#xD;&#xA;Starting test...&#xD;&#xA;Test complete in 6.222µs&#xD;&#xA;changeme -&gt; 10.15.248.161:5000/jenkins-x-tests/bdd-node-http-1548071725:0.0.1&#xD;&#xA;[Pipeline] sh&#xD;&#xA;++ cat VERSION&#xD;&#xA;+ jx step post build --image 10.15.248.161:5000/jenkins-x-tests/bdd-node-http-1548071725:0.0.1&#xD;&#xA;[Pipeline] }&#xD;&#xA;[Pipeline] // container&#xD;&#xA;[Pipeline] }&#xD;&#xA;[Pipeline] // stage&#xD;&#xA;[Pipeline] stage&#xD;&#xA;[Pipeline] { (Promote to Environments)&#xD;&#xA;[Pipeline] container&#xD;&#xA;[Pipeline] {&#xD;&#xA;[Pipeline] dir&#xD;&#xA;Running in /home/jenkins/workspace/_bdd-node-http-1548071725_master/charts/bdd-node-http-1548071725&#xD;&#xA;[Pipeline] {&#xD;&#xA;[Pipeline] sh&#xD;&#xA;++ cat ../../VERSION&#xD;&#xA;+ jx step changelog --version v0.0.1&#xD;&#xA;Using batch mode as inside a pipeline&#xD;&#xA;Generating change log from git ref 5fd99cd0afe8314d527567b11e4cd042ab9c62c1 =&gt; 7e3d9f97425854d96ece9bca9890983cfa44f55e&#xD;&#xA;Unable to find user: jenkins-x.googlegroups.com -- users.jenkins.io &#34;jenkins-x.googlegroups.com&#34; not found&#xD;&#xA;Unable to find user: jenkins-x.googlegroups.com -- users.jenkins.io &#34;jenkins-x.googlegroups.com&#34; not found&#xD;&#xA;Finding issues in commit messages using git format&#xD;&#xA;No release found for jenkins-x-tests/bdd-node-http-1548071725 and tag v0.0.1 so creating a new release&#xD;&#xA;Updated the release information at https://github.beescloud.com/jenkins-x-tests/bdd-node-http-1548071725/releases/tag/v0.0.1&#xD;&#xA;generated: /home/jenkins/workspace/_bdd-node-http-1548071725_master/charts/bdd-node-http-1548071725/templates/release.yaml&#xD;&#xA;Created Release bdd-node-http-1548071725-0-0-1 resource in namespace jx&#xD;&#xA;Updating PipelineActivity jenkins-x-tests-bdd-node-http-1548071725-master-1 with version 0.0.1&#xD;&#xA;Updated PipelineActivities jenkins-x-tests-bdd-node-http-1548071725-master-1 with release notes URL: https://github.beescloud.com/jenkins-x-tests/bdd-node-http-1548071725/releases/tag/v0.0.1&#xD;&#xA;[Pipeline] sh&#xD;&#xA;+ jx step helm release&#xD;&#xA;No $CHART_REPOSITORY defined so using the default value of: http://jenkins-x-chartmuseum:8080&#xD;&#xA;Adding missing Helm repo: jenkins-x http://chartmuseum.jenkins-x.io&#xD;&#xA;Successfully added Helm repository jenkins-x.&#xD;&#xA;Adding missing Helm repo: releases http://jenkins-x-chartmuseum:8080&#xD;&#xA;Successfully added Helm repository releases.&#xD;&#xA;No $CHART_REPOSITORY defined so using the default value of: http://jenkins-x-chartmuseum:8080&#xD;&#xA;Uploading chart file bdd-node-http-1548071725-0.0.1.tgz to http://jenkins-x-chartmuseum:8080/api/charts&#xD;&#xA;Received 201 response: {&#34;saved&#34;:true}&#xD;&#xA;[Pipeline] sh&#xD;&#xA;++ cat ../../VERSION&#xD;&#xA;+ jx promote -b --all-auto --timeout 1h --version 0.0.1&#xD;&#xA;Promoting app bdd-node-http-1548071725 version 0.0.1 to namespace jx-staging&#xD;&#xA;Created Pull Request: https://github.com/ccojocar/environment-killerhill-staging/pull/2&#xD;&#xA;&#xD;&#xA;Failed to query the Pull Request last commit status for https://github.com/ccojocar/environment-killerhill-staging/pull/2 ref 751a1c399a9730d4295a6d774d92f2d4ecf2ae2a Could not find a status for repository ccojocar/environment-killerhill-staging with ref 751a1c399a9730d4295a6d774d92f2d4ecf2ae2a&#xD;&#xA;Failed to query the Pull Request last commit status for https://github.com/ccojocar/environment-killerhill-staging/pull/2 ref 751a1c399a9730d4295a6d774d92f2d4ecf2ae2a Could not find a status for repository ccojocar/environment-killerhill-staging with ref 751a1c399a9730d4295a6d774d92f2d4ecf2ae2a&#xD;&#xA;Failed to query the Pull Request last commit status for https://github.com/ccojocar/environment-killerhill-staging/pull/2 ref 751a1c399a9730d4295a6d774d92f2d4ecf2ae2a Could not find a status for repository ccojocar/environment-killerhill-staging with ref 751a1c399a9730d4295a6d774d92f2d4ecf2ae2a&#xD;&#xA;Failed to query the Pull Request last commit status for https://github.com/ccojocar/environment-killerhill-staging/pull/2 ref 751a1c399a9730d4295a6d774d92f2d4ecf2ae2a Could not find a status for repository ccojocar/environment-killerhill-staging with ref 751a1c399a9730d4295a6d774d92f2d4ecf2ae2a&#xD;&#xA;Failed to query the Pull Request last commit status for https://github.com/ccojocar/environment-killerhill-staging/pull/2 ref 751a1c399a9730d4295a6d774d92f2d4ecf2ae2a Could not find a status for repository ccojocar/environment-killerhill-staging with ref 751a1c399a9730d4295a6d774d92f2d4ecf2ae2a&#xD;&#xA;Failed to query the Pull Request last commit status for https://github.com/ccojocar/environment-killerhill-staging/pull/2 ref 751a1c399a9730d4295a6d774d92f2d4ecf2ae2a Could not find a status for repository ccojocar/environment-killerhill-staging with ref 751a1c399a9730d4295a6d774d92f2d4ecf2ae2a&#xD;&#xA;Pull Request https://github.com/ccojocar/environment-killerhill-staging/pull/2 is merged at sha a8f4d9b4a61eaaeff2a3ea1a5c3dbd8d7ed3f5db&#xD;&#xA;Merge commit has not yet any statuses on repo ccojocar/environment-killerhill-staging merge sha a8f4d9b4a61eaaeff2a3ea1a5c3dbd8d7ed3f5db&#xD;&#xA;</system-out>
      </testcase>
      <testcase name="quickstart node-http&#xA; Given invalid parameters when -p param (project name) is missing exits with signal 1&#xA;" classname="BddJx Suite" time="1.3875503"></testcase>
      <testcase name="quickstart node-http&#xA; Given invalid parameters when -f param (filter) does not match any quickstart exits with signal 1&#xA;" classname="BddJx Suite" time="1.009260147"></testcase>
  </testsuite>